2022-08-21 20:51:10,112 - mmdet - INFO - Environment info:
------------------------------------------------------------
sys.platform: linux
Python: 3.7.0 (default, Sep  2 2018, 01:08:31) [GCC 7.3.0]
CUDA available: True
GPU 0: Tesla P100-PCIE-12GB
CUDA_HOME: /usr/local/cuda-10.1
NVCC: Cuda compilation tools, release 10.1, V10.1.24
GCC: gcc (GCC) 7.3.0
PyTorch: 1.6.0+cu101
PyTorch compiling details: PyTorch built with:
  - GCC 7.3
  - C++ Version: 201402
  - Intel(R) Math Kernel Library Version 2019.0.5 Product Build 20190808 for Intel(R) 64 architecture applications
  - Intel(R) MKL-DNN v1.5.0 (Git Hash e2ac1fac44c5078ca927cb9b90e1b3066a0b2ed0)
  - OpenMP 201511 (a.k.a. OpenMP 4.5)
  - NNPACK is enabled
  - CPU capability usage: AVX2
  - CUDA Runtime 10.1
  - NVCC architecture flags: -gencode;arch=compute_37,code=sm_37;-gencode;arch=compute_50,code=sm_50;-gencode;arch=compute_60,code=sm_60;-gencode;arch=compute_70,code=sm_70;-gencode;arch=compute_75,code=sm_75
  - CuDNN 7.6.3
  - Magma 2.5.2
  - Build settings: BLAS=MKL, BUILD_TYPE=Release, CXX_FLAGS= -Wno-deprecated -fvisibility-inlines-hidden -DUSE_PTHREADPOOL -fopenmp -DNDEBUG -DUSE_FBGEMM -DUSE_QNNPACK -DUSE_PYTORCH_QNNPACK -DUSE_XNNPACK -DUSE_VULKAN_WRAPPER -O2 -fPIC -Wno-narrowing -Wall -Wextra -Werror=return-type -Wno-missing-field-initializers -Wno-type-limits -Wno-array-bounds -Wno-unknown-pragmas -Wno-sign-compare -Wno-unused-parameter -Wno-unused-variable -Wno-unused-function -Wno-unused-result -Wno-unused-local-typedefs -Wno-strict-overflow -Wno-strict-aliasing -Wno-error=deprecated-declarations -Wno-stringop-overflow -Wno-error=pedantic -Wno-error=redundant-decls -Wno-error=old-style-cast -fdiagnostics-color=always -faligned-new -Wno-unused-but-set-variable -Wno-maybe-uninitialized -fno-math-errno -fno-trapping-math -Werror=format -Wno-stringop-overflow, PERF_WITH_AVX=1, PERF_WITH_AVX2=1, PERF_WITH_AVX512=1, USE_CUDA=ON, USE_EXCEPTION_PTR=1, USE_GFLAGS=OFF, USE_GLOG=OFF, USE_MKL=ON, USE_MKLDNN=ON, USE_MPI=OFF, USE_NCCL=ON, USE_NNPACK=ON, USE_OPENMP=ON, USE_STATIC_DISPATCH=OFF, 

TorchVision: 0.7.0+cu101
OpenCV: 4.6.0
MMCV: 1.6.0
MMCV Compiler: GCC 7.3
MMCV CUDA Compiler: 10.1
MMDetection: 2.25.1
MMSegmentation: 0.27.0
MMDetection3D: 1.0.0rc4+unknown
spconv2.0: False
------------------------------------------------------------

2022-08-21 20:51:11,180 - mmdet - INFO - Distributed training: False
2022-08-21 20:51:12,304 - mmdet - INFO - Config:
voxel_size = [0.16, 0.16, 4]
model = dict(
    type='VoxelNet',
    voxel_layer=dict(
        max_num_points=32,
        point_cloud_range=[0, -39.68, -3, 69.12, 39.68, 1],
        voxel_size=[0.16, 0.16, 4],
        max_voxels=(16000, 40000)),
    voxel_encoder=dict(
        type='PillarFeatureNet',
        in_channels=4,
        feat_channels=[64],
        with_distance=False,
        voxel_size=[0.16, 0.16, 4],
        point_cloud_range=[0, -39.68, -3, 69.12, 39.68, 1]),
    middle_encoder=dict(
        type='PointPillarsScatter', in_channels=64, output_shape=[496, 432]),
    backbone=dict(
        type='SECOND',
        in_channels=64,
        layer_nums=[3, 5, 5],
        layer_strides=[2, 2, 2],
        out_channels=[64, 128, 256]),
    neck=dict(
        type='SECONDFPN',
        in_channels=[64, 128, 256],
        upsample_strides=[1, 2, 4],
        out_channels=[128, 128, 128]),
    bbox_head=dict(
        type='Anchor3DHead',
        num_classes=3,
        in_channels=384,
        feat_channels=384,
        use_direction_classifier=True,
        assign_per_class=True,
        anchor_generator=dict(
            type='AlignedAnchor3DRangeGenerator',
            ranges=[[0, -39.68, -0.6, 69.12, 39.68, -0.6],
                    [0, -39.68, -0.6, 69.12, 39.68, -0.6],
                    [0, -39.68, -1.78, 69.12, 39.68, -1.78]],
            sizes=[[0.8, 0.6, 1.73], [1.76, 0.6, 1.73], [3.9, 1.6, 1.56]],
            rotations=[0, 1.57],
            reshape_out=False),
        diff_rad_by_sin=True,
        bbox_coder=dict(type='DeltaXYZWLHRBBoxCoder'),
        loss_cls=dict(
            type='FocalLoss',
            use_sigmoid=True,
            gamma=2.0,
            alpha=0.25,
            loss_weight=1.0),
        loss_bbox=dict(
            type='SmoothL1Loss', beta=0.1111111111111111, loss_weight=2.0),
        loss_dir=dict(
            type='CrossEntropyLoss', use_sigmoid=False, loss_weight=0.2)),
    train_cfg=dict(
        assigner=[
            dict(
                type='MaxIoUAssigner',
                iou_calculator=dict(type='BboxOverlapsNearest3D'),
                pos_iou_thr=0.5,
                neg_iou_thr=0.35,
                min_pos_iou=0.35,
                ignore_iof_thr=-1),
            dict(
                type='MaxIoUAssigner',
                iou_calculator=dict(type='BboxOverlapsNearest3D'),
                pos_iou_thr=0.5,
                neg_iou_thr=0.35,
                min_pos_iou=0.35,
                ignore_iof_thr=-1),
            dict(
                type='MaxIoUAssigner',
                iou_calculator=dict(type='BboxOverlapsNearest3D'),
                pos_iou_thr=0.6,
                neg_iou_thr=0.45,
                min_pos_iou=0.45,
                ignore_iof_thr=-1)
        ],
        allowed_border=0,
        pos_weight=-1,
        debug=False),
    test_cfg=dict(
        use_rotate_nms=True,
        nms_across_levels=False,
        nms_thr=0.01,
        score_thr=0.1,
        min_bbox_size=0,
        nms_pre=100,
        max_num=50))
dataset_type = 'KittiDataset'
data_root = '/data/cmpe249-fa22/kitti/'
class_names = ['Pedestrian', 'Cyclist', 'Car']
point_cloud_range = [0, -39.68, -3, 69.12, 39.68, 1]
input_modality = dict(use_lidar=True, use_camera=False)
file_client_args = dict(backend='disk')
db_sampler = dict(
    data_root='/data/cmpe249-fa22/kitti/',
    info_path='/data/cmpe249-fa22/kitti/kitti_dbinfos_train.pkl',
    rate=1.0,
    prepare=dict(
        filter_by_difficulty=[-1],
        filter_by_min_points=dict(Car=5, Pedestrian=5, Cyclist=5)),
    classes=['Pedestrian', 'Cyclist', 'Car'],
    sample_groups=dict(Car=15, Pedestrian=15, Cyclist=15),
    points_loader=dict(
        type='LoadPointsFromFile',
        coord_type='LIDAR',
        load_dim=4,
        use_dim=4,
        file_client_args=dict(backend='disk')),
    file_client_args=dict(backend='disk'))
train_pipeline = [
    dict(
        type='LoadPointsFromFile',
        coord_type='LIDAR',
        load_dim=4,
        use_dim=4,
        file_client_args=dict(backend='disk')),
    dict(
        type='LoadAnnotations3D',
        with_bbox_3d=True,
        with_label_3d=True,
        file_client_args=dict(backend='disk')),
    dict(
        type='ObjectSample',
        db_sampler=dict(
            data_root='/data/cmpe249-fa22/kitti/',
            info_path='/data/cmpe249-fa22/kitti/kitti_dbinfos_train.pkl',
            rate=1.0,
            prepare=dict(
                filter_by_difficulty=[-1],
                filter_by_min_points=dict(Car=5, Pedestrian=5, Cyclist=5)),
            classes=['Pedestrian', 'Cyclist', 'Car'],
            sample_groups=dict(Car=15, Pedestrian=15, Cyclist=15),
            points_loader=dict(
                type='LoadPointsFromFile',
                coord_type='LIDAR',
                load_dim=4,
                use_dim=4,
                file_client_args=dict(backend='disk')),
            file_client_args=dict(backend='disk')),
        use_ground_plane=True),
    dict(type='RandomFlip3D', flip_ratio_bev_horizontal=0.5),
    dict(
        type='GlobalRotScaleTrans',
        rot_range=[-0.78539816, 0.78539816],
        scale_ratio_range=[0.95, 1.05]),
    dict(
        type='PointsRangeFilter',
        point_cloud_range=[0, -39.68, -3, 69.12, 39.68, 1]),
    dict(
        type='ObjectRangeFilter',
        point_cloud_range=[0, -39.68, -3, 69.12, 39.68, 1]),
    dict(type='PointShuffle'),
    dict(
        type='DefaultFormatBundle3D',
        class_names=['Pedestrian', 'Cyclist', 'Car']),
    dict(type='Collect3D', keys=['points', 'gt_bboxes_3d', 'gt_labels_3d'])
]
test_pipeline = [
    dict(
        type='LoadPointsFromFile',
        coord_type='LIDAR',
        load_dim=4,
        use_dim=4,
        file_client_args=dict(backend='disk')),
    dict(
        type='MultiScaleFlipAug3D',
        img_scale=(1333, 800),
        pts_scale_ratio=1,
        flip=False,
        transforms=[
            dict(
                type='GlobalRotScaleTrans',
                rot_range=[0, 0],
                scale_ratio_range=[1.0, 1.0],
                translation_std=[0, 0, 0]),
            dict(type='RandomFlip3D'),
            dict(
                type='PointsRangeFilter',
                point_cloud_range=[0, -39.68, -3, 69.12, 39.68, 1]),
            dict(
                type='DefaultFormatBundle3D',
                class_names=['Pedestrian', 'Cyclist', 'Car'],
                with_label=False),
            dict(type='Collect3D', keys=['points'])
        ])
]
eval_pipeline = [
    dict(
        type='LoadPointsFromFile',
        coord_type='LIDAR',
        load_dim=4,
        use_dim=4,
        file_client_args=dict(backend='disk')),
    dict(
        type='DefaultFormatBundle3D',
        class_names=['Pedestrian', 'Cyclist', 'Car'],
        with_label=False),
    dict(type='Collect3D', keys=['points'])
]
data = dict(
    samples_per_gpu=6,
    workers_per_gpu=4,
    train=dict(
        type='RepeatDataset',
        times=2,
        dataset=dict(
            type='KittiDataset',
            data_root='/data/cmpe249-fa22/kitti/',
            ann_file='/data/cmpe249-fa22/kitti/kitti_infos_train.pkl',
            split='training',
            pts_prefix='velodyne_reduced',
            pipeline=[
                dict(
                    type='LoadPointsFromFile',
                    coord_type='LIDAR',
                    load_dim=4,
                    use_dim=4,
                    file_client_args=dict(backend='disk')),
                dict(
                    type='LoadAnnotations3D',
                    with_bbox_3d=True,
                    with_label_3d=True,
                    file_client_args=dict(backend='disk')),
                dict(
                    type='ObjectSample',
                    db_sampler=dict(
                        data_root='/data/cmpe249-fa22/kitti/',
                        info_path=
                        '/data/cmpe249-fa22/kitti/kitti_dbinfos_train.pkl',
                        rate=1.0,
                        prepare=dict(
                            filter_by_difficulty=[-1],
                            filter_by_min_points=dict(
                                Car=5, Pedestrian=5, Cyclist=5)),
                        classes=['Pedestrian', 'Cyclist', 'Car'],
                        sample_groups=dict(Car=15, Pedestrian=15, Cyclist=15),
                        points_loader=dict(
                            type='LoadPointsFromFile',
                            coord_type='LIDAR',
                            load_dim=4,
                            use_dim=4,
                            file_client_args=dict(backend='disk')),
                        file_client_args=dict(backend='disk')),
                    use_ground_plane=True),
                dict(type='RandomFlip3D', flip_ratio_bev_horizontal=0.5),
                dict(
                    type='GlobalRotScaleTrans',
                    rot_range=[-0.78539816, 0.78539816],
                    scale_ratio_range=[0.95, 1.05]),
                dict(
                    type='PointsRangeFilter',
                    point_cloud_range=[0, -39.68, -3, 69.12, 39.68, 1]),
                dict(
                    type='ObjectRangeFilter',
                    point_cloud_range=[0, -39.68, -3, 69.12, 39.68, 1]),
                dict(type='PointShuffle'),
                dict(
                    type='DefaultFormatBundle3D',
                    class_names=['Pedestrian', 'Cyclist', 'Car']),
                dict(
                    type='Collect3D',
                    keys=['points', 'gt_bboxes_3d', 'gt_labels_3d'])
            ],
            modality=dict(use_lidar=True, use_camera=False),
            classes=['Pedestrian', 'Cyclist', 'Car'],
            test_mode=False,
            box_type_3d='LiDAR',
            file_client_args=dict(backend='disk'))),
    val=dict(
        type='KittiDataset',
        data_root='/data/cmpe249-fa22/kitti/',
        ann_file='/data/cmpe249-fa22/kitti/kitti_infos_val.pkl',
        split='training',
        pts_prefix='velodyne_reduced',
        pipeline=[
            dict(
                type='LoadPointsFromFile',
                coord_type='LIDAR',
                load_dim=4,
                use_dim=4,
                file_client_args=dict(backend='disk')),
            dict(
                type='MultiScaleFlipAug3D',
                img_scale=(1333, 800),
                pts_scale_ratio=1,
                flip=False,
                transforms=[
                    dict(
                        type='GlobalRotScaleTrans',
                        rot_range=[0, 0],
                        scale_ratio_range=[1.0, 1.0],
                        translation_std=[0, 0, 0]),
                    dict(type='RandomFlip3D'),
                    dict(
                        type='PointsRangeFilter',
                        point_cloud_range=[0, -39.68, -3, 69.12, 39.68, 1]),
                    dict(
                        type='DefaultFormatBundle3D',
                        class_names=['Pedestrian', 'Cyclist', 'Car'],
                        with_label=False),
                    dict(type='Collect3D', keys=['points'])
                ])
        ],
        modality=dict(use_lidar=True, use_camera=False),
        classes=['Pedestrian', 'Cyclist', 'Car'],
        test_mode=True,
        box_type_3d='LiDAR',
        file_client_args=dict(backend='disk')),
    test=dict(
        type='KittiDataset',
        data_root='/data/cmpe249-fa22/kitti/',
        ann_file='/data/cmpe249-fa22/kitti/kitti_infos_val.pkl',
        split='training',
        pts_prefix='velodyne_reduced',
        pipeline=[
            dict(
                type='LoadPointsFromFile',
                coord_type='LIDAR',
                load_dim=4,
                use_dim=4,
                file_client_args=dict(backend='disk')),
            dict(
                type='MultiScaleFlipAug3D',
                img_scale=(1333, 800),
                pts_scale_ratio=1,
                flip=False,
                transforms=[
                    dict(
                        type='GlobalRotScaleTrans',
                        rot_range=[0, 0],
                        scale_ratio_range=[1.0, 1.0],
                        translation_std=[0, 0, 0]),
                    dict(type='RandomFlip3D'),
                    dict(
                        type='PointsRangeFilter',
                        point_cloud_range=[0, -39.68, -3, 69.12, 39.68, 1]),
                    dict(
                        type='DefaultFormatBundle3D',
                        class_names=['Pedestrian', 'Cyclist', 'Car'],
                        with_label=False),
                    dict(type='Collect3D', keys=['points'])
                ])
        ],
        modality=dict(use_lidar=True, use_camera=False),
        classes=['Pedestrian', 'Cyclist', 'Car'],
        test_mode=True,
        box_type_3d='LiDAR',
        file_client_args=dict(backend='disk')))
evaluation = dict(
    interval=2,
    pipeline=[
        dict(
            type='LoadPointsFromFile',
            coord_type='LIDAR',
            load_dim=4,
            use_dim=4,
            file_client_args=dict(backend='disk')),
        dict(
            type='DefaultFormatBundle3D',
            class_names=['Pedestrian', 'Cyclist', 'Car'],
            with_label=False),
        dict(type='Collect3D', keys=['points'])
    ])
lr = 0.001
optimizer = dict(type='AdamW', lr=0.001, betas=(0.95, 0.99), weight_decay=0.01)
optimizer_config = dict(grad_clip=dict(max_norm=35, norm_type=2))
lr_config = dict(
    policy='cyclic',
    target_ratio=(10, 0.0001),
    cyclic_times=1,
    step_ratio_up=0.4)
momentum_config = dict(
    policy='cyclic',
    target_ratio=(0.8947368421052632, 1),
    cyclic_times=1,
    step_ratio_up=0.4)
runner = dict(type='EpochBasedRunner', max_epochs=3)
checkpoint_config = dict(interval=1)
log_config = dict(
    interval=50,
    hooks=[dict(type='TextLoggerHook'),
           dict(type='TensorboardLoggerHook')])
dist_params = dict(backend='nccl')
log_level = 'INFO'
work_dir = './work_dirs/hv_pointpillars_secfpn_6x8_160e_kitti-3d-3class'
load_from = None
resume_from = None
workflow = [('train', 1)]
opencv_num_threads = 0
mp_start_method = 'fork'
gpu_ids = [0]

2022-08-21 20:51:12,307 - mmdet - INFO - Set random seed to 0, deterministic: False
2022-08-21 20:51:12,360 - mmdet - INFO - initialize SECOND with init_cfg {'type': 'Kaiming', 'layer': 'Conv2d'}
2022-08-21 20:51:12,407 - mmdet - INFO - initialize SECONDFPN with init_cfg [{'type': 'Kaiming', 'layer': 'ConvTranspose2d'}, {'type': 'Constant', 'layer': 'NaiveSyncBatchNorm2d', 'val': 1.0}]
2022-08-21 20:51:12,415 - mmdet - INFO - initialize Anchor3DHead with init_cfg {'type': 'Normal', 'layer': 'Conv2d', 'std': 0.01, 'override': {'type': 'Normal', 'name': 'conv_cls', 'std': 0.01, 'bias_prob': 0.01}}
Name of parameter - Initialization information

backbone.blocks.0.0.weight - torch.Size([64, 64, 3, 3]): 
KaimingInit: a=0, mode=fan_out, nonlinearity=relu, distribution =normal, bias=0 

backbone.blocks.0.1.weight - torch.Size([64]): 
The value is the same before and after calling `init_weights` of VoxelNet  

backbone.blocks.0.1.bias - torch.Size([64]): 
The value is the same before and after calling `init_weights` of VoxelNet  

backbone.blocks.0.3.weight - torch.Size([64, 64, 3, 3]): 
KaimingInit: a=0, mode=fan_out, nonlinearity=relu, distribution =normal, bias=0 

backbone.blocks.0.4.weight - torch.Size([64]): 
The value is the same before and after calling `init_weights` of VoxelNet  

backbone.blocks.0.4.bias - torch.Size([64]): 
The value is the same before and after calling `init_weights` of VoxelNet  

backbone.blocks.0.6.weight - torch.Size([64, 64, 3, 3]): 
KaimingInit: a=0, mode=fan_out, nonlinearity=relu, distribution =normal, bias=0 

backbone.blocks.0.7.weight - torch.Size([64]): 
The value is the same before and after calling `init_weights` of VoxelNet  

backbone.blocks.0.7.bias - torch.Size([64]): 
The value is the same before and after calling `init_weights` of VoxelNet  

backbone.blocks.0.9.weight - torch.Size([64, 64, 3, 3]): 
KaimingInit: a=0, mode=fan_out, nonlinearity=relu, distribution =normal, bias=0 

backbone.blocks.0.10.weight - torch.Size([64]): 
The value is the same before and after calling `init_weights` of VoxelNet  

backbone.blocks.0.10.bias - torch.Size([64]): 
The value is the same before and after calling `init_weights` of VoxelNet  

backbone.blocks.1.0.weight - torch.Size([128, 64, 3, 3]): 
KaimingInit: a=0, mode=fan_out, nonlinearity=relu, distribution =normal, bias=0 

backbone.blocks.1.1.weight - torch.Size([128]): 
The value is the same before and after calling `init_weights` of VoxelNet  

backbone.blocks.1.1.bias - torch.Size([128]): 
The value is the same before and after calling `init_weights` of VoxelNet  

backbone.blocks.1.3.weight - torch.Size([128, 128, 3, 3]): 
KaimingInit: a=0, mode=fan_out, nonlinearity=relu, distribution =normal, bias=0 

backbone.blocks.1.4.weight - torch.Size([128]): 
The value is the same before and after calling `init_weights` of VoxelNet  

backbone.blocks.1.4.bias - torch.Size([128]): 
The value is the same before and after calling `init_weights` of VoxelNet  

backbone.blocks.1.6.weight - torch.Size([128, 128, 3, 3]): 
KaimingInit: a=0, mode=fan_out, nonlinearity=relu, distribution =normal, bias=0 

backbone.blocks.1.7.weight - torch.Size([128]): 
The value is the same before and after calling `init_weights` of VoxelNet  

backbone.blocks.1.7.bias - torch.Size([128]): 
The value is the same before and after calling `init_weights` of VoxelNet  

backbone.blocks.1.9.weight - torch.Size([128, 128, 3, 3]): 
KaimingInit: a=0, mode=fan_out, nonlinearity=relu, distribution =normal, bias=0 

backbone.blocks.1.10.weight - torch.Size([128]): 
The value is the same before and after calling `init_weights` of VoxelNet  

backbone.blocks.1.10.bias - torch.Size([128]): 
The value is the same before and after calling `init_weights` of VoxelNet  

backbone.blocks.1.12.weight - torch.Size([128, 128, 3, 3]): 
KaimingInit: a=0, mode=fan_out, nonlinearity=relu, distribution =normal, bias=0 

backbone.blocks.1.13.weight - torch.Size([128]): 
The value is the same before and after calling `init_weights` of VoxelNet  

backbone.blocks.1.13.bias - torch.Size([128]): 
The value is the same before and after calling `init_weights` of VoxelNet  

backbone.blocks.1.15.weight - torch.Size([128, 128, 3, 3]): 
KaimingInit: a=0, mode=fan_out, nonlinearity=relu, distribution =normal, bias=0 

backbone.blocks.1.16.weight - torch.Size([128]): 
The value is the same before and after calling `init_weights` of VoxelNet  

backbone.blocks.1.16.bias - torch.Size([128]): 
The value is the same before and after calling `init_weights` of VoxelNet  

backbone.blocks.2.0.weight - torch.Size([256, 128, 3, 3]): 
KaimingInit: a=0, mode=fan_out, nonlinearity=relu, distribution =normal, bias=0 

backbone.blocks.2.1.weight - torch.Size([256]): 
The value is the same before and after calling `init_weights` of VoxelNet  

backbone.blocks.2.1.bias - torch.Size([256]): 
The value is the same before and after calling `init_weights` of VoxelNet  

backbone.blocks.2.3.weight - torch.Size([256, 256, 3, 3]): 
KaimingInit: a=0, mode=fan_out, nonlinearity=relu, distribution =normal, bias=0 

backbone.blocks.2.4.weight - torch.Size([256]): 
The value is the same before and after calling `init_weights` of VoxelNet  

backbone.blocks.2.4.bias - torch.Size([256]): 
The value is the same before and after calling `init_weights` of VoxelNet  

backbone.blocks.2.6.weight - torch.Size([256, 256, 3, 3]): 
KaimingInit: a=0, mode=fan_out, nonlinearity=relu, distribution =normal, bias=0 

backbone.blocks.2.7.weight - torch.Size([256]): 
The value is the same before and after calling `init_weights` of VoxelNet  

backbone.blocks.2.7.bias - torch.Size([256]): 
The value is the same before and after calling `init_weights` of VoxelNet  

backbone.blocks.2.9.weight - torch.Size([256, 256, 3, 3]): 
KaimingInit: a=0, mode=fan_out, nonlinearity=relu, distribution =normal, bias=0 

backbone.blocks.2.10.weight - torch.Size([256]): 
The value is the same before and after calling `init_weights` of VoxelNet  

backbone.blocks.2.10.bias - torch.Size([256]): 
The value is the same before and after calling `init_weights` of VoxelNet  

backbone.blocks.2.12.weight - torch.Size([256, 256, 3, 3]): 
KaimingInit: a=0, mode=fan_out, nonlinearity=relu, distribution =normal, bias=0 

backbone.blocks.2.13.weight - torch.Size([256]): 
The value is the same before and after calling `init_weights` of VoxelNet  

backbone.blocks.2.13.bias - torch.Size([256]): 
The value is the same before and after calling `init_weights` of VoxelNet  

backbone.blocks.2.15.weight - torch.Size([256, 256, 3, 3]): 
KaimingInit: a=0, mode=fan_out, nonlinearity=relu, distribution =normal, bias=0 

backbone.blocks.2.16.weight - torch.Size([256]): 
The value is the same before and after calling `init_weights` of VoxelNet  

backbone.blocks.2.16.bias - torch.Size([256]): 
The value is the same before and after calling `init_weights` of VoxelNet  

neck.deblocks.0.0.weight - torch.Size([64, 128, 1, 1]): 
KaimingInit: a=0, mode=fan_out, nonlinearity=relu, distribution =normal, bias=0 

neck.deblocks.0.1.weight - torch.Size([128]): 
The value is the same before and after calling `init_weights` of VoxelNet  

neck.deblocks.0.1.bias - torch.Size([128]): 
The value is the same before and after calling `init_weights` of VoxelNet  

neck.deblocks.1.0.weight - torch.Size([128, 128, 2, 2]): 
KaimingInit: a=0, mode=fan_out, nonlinearity=relu, distribution =normal, bias=0 

neck.deblocks.1.1.weight - torch.Size([128]): 
The value is the same before and after calling `init_weights` of VoxelNet  

neck.deblocks.1.1.bias - torch.Size([128]): 
The value is the same before and after calling `init_weights` of VoxelNet  

neck.deblocks.2.0.weight - torch.Size([256, 128, 4, 4]): 
KaimingInit: a=0, mode=fan_out, nonlinearity=relu, distribution =normal, bias=0 

neck.deblocks.2.1.weight - torch.Size([128]): 
The value is the same before and after calling `init_weights` of VoxelNet  

neck.deblocks.2.1.bias - torch.Size([128]): 
The value is the same before and after calling `init_weights` of VoxelNet  

bbox_head.conv_cls.weight - torch.Size([18, 384, 1, 1]): 
NormalInit: mean=0, std=0.01, bias=-4.59511985013459 

bbox_head.conv_cls.bias - torch.Size([18]): 
NormalInit: mean=0, std=0.01, bias=-4.59511985013459 

bbox_head.conv_reg.weight - torch.Size([42, 384, 1, 1]): 
NormalInit: mean=0, std=0.01, bias=0 

bbox_head.conv_reg.bias - torch.Size([42]): 
NormalInit: mean=0, std=0.01, bias=0 

bbox_head.conv_dir_cls.weight - torch.Size([12, 384, 1, 1]): 
NormalInit: mean=0, std=0.01, bias=0 

bbox_head.conv_dir_cls.bias - torch.Size([12]): 
NormalInit: mean=0, std=0.01, bias=0 

voxel_encoder.pfn_layers.0.norm.weight - torch.Size([64]): 
The value is the same before and after calling `init_weights` of VoxelNet  

voxel_encoder.pfn_layers.0.norm.bias - torch.Size([64]): 
The value is the same before and after calling `init_weights` of VoxelNet  

voxel_encoder.pfn_layers.0.linear.weight - torch.Size([64, 10]): 
The value is the same before and after calling `init_weights` of VoxelNet  
2022-08-21 20:51:12,418 - mmdet - INFO - Model:
VoxelNet(
  (backbone): SECOND(
    (blocks): ModuleList(
      (0): Sequential(
        (0): Conv2d(64, 64, kernel_size=(3, 3), stride=(2, 2), padding=(1, 1), bias=False)
        (1): BatchNorm2d(64, eps=0.001, momentum=0.01, affine=True, track_running_stats=True)
        (2): ReLU(inplace=True)
        (3): Conv2d(64, 64, kernel_size=(3, 3), stride=(1, 1), padding=(1, 1), bias=False)
        (4): BatchNorm2d(64, eps=0.001, momentum=0.01, affine=True, track_running_stats=True)
        (5): ReLU(inplace=True)
        (6): Conv2d(64, 64, kernel_size=(3, 3), stride=(1, 1), padding=(1, 1), bias=False)
        (7): BatchNorm2d(64, eps=0.001, momentum=0.01, affine=True, track_running_stats=True)
        (8): ReLU(inplace=True)
        (9): Conv2d(64, 64, kernel_size=(3, 3), stride=(1, 1), padding=(1, 1), bias=False)
        (10): BatchNorm2d(64, eps=0.001, momentum=0.01, affine=True, track_running_stats=True)
        (11): ReLU(inplace=True)
      )
      (1): Sequential(
        (0): Conv2d(64, 128, kernel_size=(3, 3), stride=(2, 2), padding=(1, 1), bias=False)
        (1): BatchNorm2d(128, eps=0.001, momentum=0.01, affine=True, track_running_stats=True)
        (2): ReLU(inplace=True)
        (3): Conv2d(128, 128, kernel_size=(3, 3), stride=(1, 1), padding=(1, 1), bias=False)
        (4): BatchNorm2d(128, eps=0.001, momentum=0.01, affine=True, track_running_stats=True)
        (5): ReLU(inplace=True)
        (6): Conv2d(128, 128, kernel_size=(3, 3), stride=(1, 1), padding=(1, 1), bias=False)
        (7): BatchNorm2d(128, eps=0.001, momentum=0.01, affine=True, track_running_stats=True)
        (8): ReLU(inplace=True)
        (9): Conv2d(128, 128, kernel_size=(3, 3), stride=(1, 1), padding=(1, 1), bias=False)
        (10): BatchNorm2d(128, eps=0.001, momentum=0.01, affine=True, track_running_stats=True)
        (11): ReLU(inplace=True)
        (12): Conv2d(128, 128, kernel_size=(3, 3), stride=(1, 1), padding=(1, 1), bias=False)
        (13): BatchNorm2d(128, eps=0.001, momentum=0.01, affine=True, track_running_stats=True)
        (14): ReLU(inplace=True)
        (15): Conv2d(128, 128, kernel_size=(3, 3), stride=(1, 1), padding=(1, 1), bias=False)
        (16): BatchNorm2d(128, eps=0.001, momentum=0.01, affine=True, track_running_stats=True)
        (17): ReLU(inplace=True)
      )
      (2): Sequential(
        (0): Conv2d(128, 256, kernel_size=(3, 3), stride=(2, 2), padding=(1, 1), bias=False)
        (1): BatchNorm2d(256, eps=0.001, momentum=0.01, affine=True, track_running_stats=True)
        (2): ReLU(inplace=True)
        (3): Conv2d(256, 256, kernel_size=(3, 3), stride=(1, 1), padding=(1, 1), bias=False)
        (4): BatchNorm2d(256, eps=0.001, momentum=0.01, affine=True, track_running_stats=True)
        (5): ReLU(inplace=True)
        (6): Conv2d(256, 256, kernel_size=(3, 3), stride=(1, 1), padding=(1, 1), bias=False)
        (7): BatchNorm2d(256, eps=0.001, momentum=0.01, affine=True, track_running_stats=True)
        (8): ReLU(inplace=True)
        (9): Conv2d(256, 256, kernel_size=(3, 3), stride=(1, 1), padding=(1, 1), bias=False)
        (10): BatchNorm2d(256, eps=0.001, momentum=0.01, affine=True, track_running_stats=True)
        (11): ReLU(inplace=True)
        (12): Conv2d(256, 256, kernel_size=(3, 3), stride=(1, 1), padding=(1, 1), bias=False)
        (13): BatchNorm2d(256, eps=0.001, momentum=0.01, affine=True, track_running_stats=True)
        (14): ReLU(inplace=True)
        (15): Conv2d(256, 256, kernel_size=(3, 3), stride=(1, 1), padding=(1, 1), bias=False)
        (16): BatchNorm2d(256, eps=0.001, momentum=0.01, affine=True, track_running_stats=True)
        (17): ReLU(inplace=True)
      )
    )
  )
  init_cfg={'type': 'Kaiming', 'layer': 'Conv2d'}
  (neck): SECONDFPN(
    (deblocks): ModuleList(
      (0): Sequential(
        (0): ConvTranspose2d(64, 128, kernel_size=(1, 1), stride=(1, 1), bias=False)
        (1): BatchNorm2d(128, eps=0.001, momentum=0.01, affine=True, track_running_stats=True)
        (2): ReLU(inplace=True)
      )
      (1): Sequential(
        (0): ConvTranspose2d(128, 128, kernel_size=(2, 2), stride=(2, 2), bias=False)
        (1): BatchNorm2d(128, eps=0.001, momentum=0.01, affine=True, track_running_stats=True)
        (2): ReLU(inplace=True)
      )
      (2): Sequential(
        (0): ConvTranspose2d(256, 128, kernel_size=(4, 4), stride=(4, 4), bias=False)
        (1): BatchNorm2d(128, eps=0.001, momentum=0.01, affine=True, track_running_stats=True)
        (2): ReLU(inplace=True)
      )
    )
  )
  init_cfg=[{'type': 'Kaiming', 'layer': 'ConvTranspose2d'}, {'type': 'Constant', 'layer': 'NaiveSyncBatchNorm2d', 'val': 1.0}]
  (bbox_head): Anchor3DHead(
    (loss_cls): FocalLoss()
    (loss_bbox): SmoothL1Loss()
    (loss_dir): CrossEntropyLoss(avg_non_ignore=False)
    (conv_cls): Conv2d(384, 18, kernel_size=(1, 1), stride=(1, 1))
    (conv_reg): Conv2d(384, 42, kernel_size=(1, 1), stride=(1, 1))
    (conv_dir_cls): Conv2d(384, 12, kernel_size=(1, 1), stride=(1, 1))
  )
  init_cfg={'type': 'Normal', 'layer': 'Conv2d', 'std': 0.01, 'override': {'type': 'Normal', 'name': 'conv_cls', 'std': 0.01, 'bias_prob': 0.01}}
  (voxel_layer): Voxelization(voxel_size=[0.16, 0.16, 4], point_cloud_range=[0, -39.68, -3, 69.12, 39.68, 1], max_num_points=32, max_voxels=(16000, 40000), deterministic=True)
  (voxel_encoder): PillarFeatureNet(
    (pfn_layers): ModuleList(
      (0): PFNLayer(
        (norm): BatchNorm1d(64, eps=0.001, momentum=0.01, affine=True, track_running_stats=True)
        (linear): Linear(in_features=10, out_features=64, bias=False)
      )
    )
  )
  (middle_encoder): PointPillarsScatter()
)
2022-08-21 20:51:17,667 - mmdet - INFO - Start running, host: 015300259@g3, work_dir: /scratch/cmpe249-fa22/015300259/mmdetection3d/work_dirs/hv_pointpillars_secfpn_6x8_160e_kitti-3d-3class
2022-08-21 20:51:17,668 - mmdet - INFO - Hooks will be executed in the following order:
before_run:
(VERY_HIGH   ) CyclicLrUpdaterHook                
(HIGH        ) CyclicMomentumUpdaterHook          
(NORMAL      ) CheckpointHook                     
(LOW         ) EvalHook                           
(VERY_LOW    ) TextLoggerHook                     
(VERY_LOW    ) TensorboardLoggerHook              
 -------------------- 
before_train_epoch:
(VERY_HIGH   ) CyclicLrUpdaterHook                
(HIGH        ) CyclicMomentumUpdaterHook          
(LOW         ) IterTimerHook                      
(LOW         ) EvalHook                           
(VERY_LOW    ) TextLoggerHook                     
(VERY_LOW    ) TensorboardLoggerHook              
 -------------------- 
before_train_iter:
(VERY_HIGH   ) CyclicLrUpdaterHook                
(HIGH        ) CyclicMomentumUpdaterHook          
(LOW         ) IterTimerHook                      
(LOW         ) EvalHook                           
 -------------------- 
after_train_iter:
(ABOVE_NORMAL) OptimizerHook                      
(NORMAL      ) CheckpointHook                     
(LOW         ) IterTimerHook                      
(LOW         ) EvalHook                           
(VERY_LOW    ) TextLoggerHook                     
(VERY_LOW    ) TensorboardLoggerHook              
 -------------------- 
after_train_epoch:
(NORMAL      ) CheckpointHook                     
(LOW         ) EvalHook                           
(VERY_LOW    ) TextLoggerHook                     
(VERY_LOW    ) TensorboardLoggerHook              
 -------------------- 
before_val_epoch:
(LOW         ) IterTimerHook                      
(VERY_LOW    ) TextLoggerHook                     
(VERY_LOW    ) TensorboardLoggerHook              
 -------------------- 
before_val_iter:
(LOW         ) IterTimerHook                      
 -------------------- 
after_val_iter:
(LOW         ) IterTimerHook                      
 -------------------- 
after_val_epoch:
(VERY_LOW    ) TextLoggerHook                     
(VERY_LOW    ) TensorboardLoggerHook              
 -------------------- 
after_run:
(VERY_LOW    ) TextLoggerHook                     
(VERY_LOW    ) TensorboardLoggerHook              
 -------------------- 
2022-08-21 20:51:17,669 - mmdet - INFO - workflow: [('train', 1)], max: 3 epochs
2022-08-21 20:51:17,669 - mmdet - INFO - Checkpoints will be saved to /scratch/cmpe249-fa22/015300259/mmdetection3d/work_dirs/hv_pointpillars_secfpn_6x8_160e_kitti-3d-3class by HardDiskBackend.
2022-08-21 20:52:09,747 - mmdet - INFO - Epoch [1][50/1995]	lr: 1.009e-03, eta: 1:42:28, time: 1.036, data_time: 0.364, memory: 5668, loss_cls: 0.7268, loss_bbox: 2.5695, loss_dir: 0.1413, loss: 3.4376, grad_norm: 9.5639
2022-08-21 20:52:43,027 - mmdet - INFO - Epoch [1][100/1995]	lr: 1.038e-03, eta: 1:23:26, time: 0.666, data_time: 0.009, memory: 5679, loss_cls: 0.5292, loss_bbox: 2.1223, loss_dir: 0.1391, loss: 2.7905, grad_norm: 7.3876
2022-08-21 20:53:16,408 - mmdet - INFO - Epoch [1][150/1995]	lr: 1.086e-03, eta: 1:16:47, time: 0.668, data_time: 0.009, memory: 5725, loss_cls: 0.4589, loss_bbox: 1.9806, loss_dir: 0.1384, loss: 2.5778, grad_norm: 6.1076
2022-08-21 20:53:49,649 - mmdet - INFO - Epoch [1][200/1995]	lr: 1.153e-03, eta: 1:13:07, time: 0.665, data_time: 0.009, memory: 5725, loss_cls: 0.4303, loss_bbox: 1.9227, loss_dir: 0.1377, loss: 2.4907, grad_norm: 5.7796
2022-08-21 20:54:22,755 - mmdet - INFO - Epoch [1][250/1995]	lr: 1.238e-03, eta: 1:10:39, time: 0.662, data_time: 0.009, memory: 5725, loss_cls: 0.3984, loss_bbox: 1.7784, loss_dir: 0.1366, loss: 2.3134, grad_norm: 6.8852
2022-08-21 20:54:55,613 - mmdet - INFO - Epoch [1][300/1995]	lr: 1.342e-03, eta: 1:08:44, time: 0.657, data_time: 0.009, memory: 5725, loss_cls: 0.4052, loss_bbox: 1.8596, loss_dir: 0.1371, loss: 2.4019, grad_norm: 5.9151
2022-08-21 20:55:28,564 - mmdet - INFO - Epoch [1][350/1995]	lr: 1.464e-03, eta: 1:07:14, time: 0.659, data_time: 0.009, memory: 5725, loss_cls: 0.3881, loss_bbox: 1.7899, loss_dir: 0.1365, loss: 2.3146, grad_norm: 5.2650
2022-08-21 20:56:01,383 - mmdet - INFO - Epoch [1][400/1995]	lr: 1.603e-03, eta: 1:05:57, time: 0.656, data_time: 0.009, memory: 5725, loss_cls: 0.3820, loss_bbox: 1.7087, loss_dir: 0.1387, loss: 2.2294, grad_norm: 5.1612
2022-08-21 20:56:34,139 - mmdet - INFO - Epoch [1][450/1995]	lr: 1.759e-03, eta: 1:04:49, time: 0.655, data_time: 0.009, memory: 5725, loss_cls: 0.3797, loss_bbox: 1.7483, loss_dir: 0.1361, loss: 2.2641, grad_norm: 5.3201
2022-08-21 20:57:07,094 - mmdet - INFO - Epoch [1][500/1995]	lr: 1.931e-03, eta: 1:03:50, time: 0.659, data_time: 0.009, memory: 5725, loss_cls: 0.3768, loss_bbox: 1.6908, loss_dir: 0.1369, loss: 2.2046, grad_norm: 4.9656
2022-08-21 20:57:39,945 - mmdet - INFO - Epoch [1][550/1995]	lr: 2.118e-03, eta: 1:02:54, time: 0.657, data_time: 0.009, memory: 5725, loss_cls: 0.3645, loss_bbox: 1.6165, loss_dir: 0.1373, loss: 2.1182, grad_norm: 4.5547
2022-08-21 20:58:12,644 - mmdet - INFO - Epoch [1][600/1995]	lr: 2.320e-03, eta: 1:02:01, time: 0.654, data_time: 0.009, memory: 5725, loss_cls: 0.3559, loss_bbox: 1.6129, loss_dir: 0.1366, loss: 2.1054, grad_norm: 4.6092
2022-08-21 20:58:45,246 - mmdet - INFO - Epoch [1][650/1995]	lr: 2.536e-03, eta: 1:01:11, time: 0.652, data_time: 0.009, memory: 5725, loss_cls: 0.3553, loss_bbox: 1.6105, loss_dir: 0.1362, loss: 2.1020, grad_norm: 4.2705
2022-08-21 20:59:18,052 - mmdet - INFO - Epoch [1][700/1995]	lr: 2.764e-03, eta: 1:00:24, time: 0.656, data_time: 0.009, memory: 5725, loss_cls: 0.3457, loss_bbox: 1.6249, loss_dir: 0.1362, loss: 2.1067, grad_norm: 3.7616
2022-08-21 20:59:51,068 - mmdet - INFO - Epoch [1][750/1995]	lr: 3.004e-03, eta: 0:59:41, time: 0.660, data_time: 0.009, memory: 5725, loss_cls: 0.3473, loss_bbox: 1.5889, loss_dir: 0.1367, loss: 2.0729, grad_norm: 3.5429
2022-08-21 21:00:23,897 - mmdet - INFO - Epoch [1][800/1995]	lr: 3.255e-03, eta: 0:58:58, time: 0.657, data_time: 0.009, memory: 5725, loss_cls: 0.3427, loss_bbox: 1.6310, loss_dir: 0.1358, loss: 2.1095, grad_norm: 3.5035
2022-08-21 21:00:56,752 - mmdet - INFO - Epoch [1][850/1995]	lr: 3.516e-03, eta: 0:58:16, time: 0.657, data_time: 0.009, memory: 5725, loss_cls: 0.3477, loss_bbox: 1.6721, loss_dir: 0.1373, loss: 2.1572, grad_norm: 3.8715
2022-08-21 21:01:29,481 - mmdet - INFO - Epoch [1][900/1995]	lr: 3.785e-03, eta: 0:57:35, time: 0.655, data_time: 0.009, memory: 5725, loss_cls: 0.3361, loss_bbox: 1.5486, loss_dir: 0.1365, loss: 2.0212, grad_norm: 2.8159
2022-08-21 21:02:02,254 - mmdet - INFO - Epoch [1][950/1995]	lr: 4.061e-03, eta: 0:56:54, time: 0.655, data_time: 0.009, memory: 5725, loss_cls: 0.3460, loss_bbox: 1.6130, loss_dir: 0.1357, loss: 2.0948, grad_norm: 3.0601
2022-08-21 21:02:35,200 - mmdet - INFO - Exp name: hv_pointpillars_secfpn_6x8_160e_kitti-3d-3class.py
2022-08-21 21:02:35,200 - mmdet - INFO - Epoch [1][1000/1995]	lr: 4.344e-03, eta: 0:56:16, time: 0.659, data_time: 0.009, memory: 5725, loss_cls: 0.3326, loss_bbox: 1.5947, loss_dir: 0.1371, loss: 2.0645, grad_norm: 2.7879
2022-08-21 21:03:08,348 - mmdet - INFO - Epoch [1][1050/1995]	lr: 4.632e-03, eta: 0:55:38, time: 0.663, data_time: 0.009, memory: 5725, loss_cls: 0.3264, loss_bbox: 1.5986, loss_dir: 0.1366, loss: 2.0616, grad_norm: 2.7397
2022-08-21 21:03:41,371 - mmdet - INFO - Epoch [1][1100/1995]	lr: 4.923e-03, eta: 0:55:01, time: 0.660, data_time: 0.009, memory: 5725, loss_cls: 0.3337, loss_bbox: 1.5781, loss_dir: 0.1359, loss: 2.0477, grad_norm: 2.7418
2022-08-21 21:04:14,491 - mmdet - INFO - Epoch [1][1150/1995]	lr: 5.217e-03, eta: 0:54:24, time: 0.662, data_time: 0.009, memory: 5725, loss_cls: 0.3262, loss_bbox: 1.5364, loss_dir: 0.1363, loss: 1.9990, grad_norm: 2.6310
2022-08-21 21:04:47,617 - mmdet - INFO - Epoch [1][1200/1995]	lr: 5.512e-03, eta: 0:53:48, time: 0.663, data_time: 0.009, memory: 5725, loss_cls: 0.3322, loss_bbox: 1.6082, loss_dir: 0.1361, loss: 2.0765, grad_norm: 2.3478
2022-08-21 21:05:20,284 - mmdet - INFO - Epoch [1][1250/1995]	lr: 5.807e-03, eta: 0:53:10, time: 0.653, data_time: 0.009, memory: 5725, loss_cls: 0.3367, loss_bbox: 1.5785, loss_dir: 0.1366, loss: 2.0518, grad_norm: 2.2758
2022-08-21 21:05:52,951 - mmdet - INFO - Epoch [1][1300/1995]	lr: 6.101e-03, eta: 0:52:33, time: 0.653, data_time: 0.009, memory: 5725, loss_cls: 0.3290, loss_bbox: 1.5841, loss_dir: 0.1352, loss: 2.0484, grad_norm: 2.0307
2022-08-21 21:06:26,371 - mmdet - INFO - Epoch [1][1350/1995]	lr: 6.392e-03, eta: 0:51:58, time: 0.668, data_time: 0.009, memory: 5725, loss_cls: 0.3262, loss_bbox: 1.5566, loss_dir: 0.1364, loss: 2.0192, grad_norm: 2.0777
